Build started 11-Sep-16 9:35:14 PM.
     1>Project "D:\Code\Github\3D-Game\Project\Engine\Engine.vcxproj" on node 2 (Build target(s)).
     1>ClCompile:
         D:\Programs\VisualStudio\VC\bin\CL.exe /c /ZI /nologo /W3 /WX- /sdl /Od /Oy- /D _MBCS /Gm /EHsc /RTC1 /MD /GS /fp:precise /Zc:wchar_t /Zc:forScope /Fo"Debug\\" /Fd"Debug\vc120.pdb" /Gd /TP /analyze- /errorReport:prompt Graphics.cpp
         Graphics.cpp
     1>d:\code\github\3d-game\project\engine\graphics.cpp(98): warning C4018: '<' : signed/unsigned mismatch
     1>d:\code\github\3d-game\project\engine\graphics.cpp(110): warning C4018: '<' : signed/unsigned mismatch
     1>d:\code\github\3d-game\project\engine\graphics.cpp(121): warning C4018: '<' : signed/unsigned mismatch
     1>d:\code\github\3d-game\project\engine\graphics.cpp(149): warning C4018: '<' : signed/unsigned mismatch
     1>d:\code\github\3d-game\project\engine\graphics.cpp(152): warning C4018: '<' : signed/unsigned mismatch
     1>d:\code\github\3d-game\project\engine\graphics.cpp(184): warning C4244: 'argument' : conversion from 'float' to 'GLsizei', possible loss of data
     1>d:\code\github\3d-game\project\engine\graphics.cpp(193): warning C4018: '<' : signed/unsigned mismatch
       Lib:
         D:\Programs\VisualStudio\VC\bin\Lib.exe /OUT:"D:\Code\Github\3D-Game\Project\Deps\Libs\Engine.lib" opengl32.lib glew32.lib glfw3.lib SOIL.lib /NOLOGO Debug\Graphics.obj
         Debug\ModelLoader.obj
         Debug\Shader.obj
         Debug\SoundManager.obj
     1>glew32.lib(glew32.dll) : warning LNK4006: __NULL_IMPORT_DESCRIPTOR already defined in opengl32.lib(OPENGL32.dll); second definition ignored
     1>glew32.lib(glew32.dll) : warning LNK4221: This object file does not define any previously undefined public symbols, so it will not be used by any link operation that consumes this library
         Engine.vcxproj -> D:\Code\Github\3D-Game\Project\Deps\Libs\Engine.lib
     1>Done Building Project "D:\Code\Github\3D-Game\Project\Engine\Engine.vcxproj" (Build target(s)).

Build succeeded.

Time Elapsed 00:00:01.05
