d:\code\github\3d-game\project\engine\debug\vc120.pdb
d:\code\github\3d-game\project\engine\debug\vc120.idb
d:\code\github\3d-game\project\engine\debug\graphics.obj
d:\code\github\3d-game\project\engine\debug\modelloader.obj
d:\code\github\3d-game\project\engine\debug\soundmanager.obj
d:\code\github\3d-game\project\engine\debug\shader.obj
d:\code\github\3d-game\project\engine\debug\loader.obj
d:\code\github\3d-game\project\engine\debug\texture.obj
d:\code\github\3d-game\project\engine\debug\mesh.obj
d:\code\github\3d-game\project\engine\debug\input.obj
d:\code\github\3d-game\project\engine\debug\primitives.obj
c:\users\ruchir\documents\github\velvet org\3d-game\project\engine\debug\vc120.pdb
c:\users\ruchir\documents\github\velvet org\3d-game\project\engine\debug\vc120.idb
c:\users\ruchir\documents\github\velvet org\3d-game\project\engine\debug\graphics.obj
c:\users\ruchir\documents\github\velvet org\3d-game\project\engine\debug\input.obj
c:\users\ruchir\documents\github\velvet org\3d-game\project\engine\debug\loader.obj
c:\users\ruchir\documents\github\velvet org\3d-game\project\engine\debug\mesh.obj
c:\users\ruchir\documents\github\velvet org\3d-game\project\engine\debug\modelloader.obj
c:\users\ruchir\documents\github\velvet org\3d-game\project\engine\debug\primitives.obj
c:\users\ruchir\documents\github\velvet org\3d-game\project\engine\debug\shader.obj
c:\users\ruchir\documents\github\velvet org\3d-game\project\engine\debug\soundmanager.obj
c:\users\ruchir\documents\github\velvet org\3d-game\project\engine\debug\collider.obj
c:\users\ruchir\documents\github\velvet org\3d-game\project\engine\debug\physics.obj
c:\users\ruchir\documents\github\velvet org\3d-game\project\engine\debug\rigidbody.obj
d:\code\github\3d-game\project\deps\libs\engine.lib
c:\users\ruchir\documents\github\velvet org\3d-game\project\engine\debug\engine.tlog\cl.command.1.tlog
c:\users\ruchir\documents\github\velvet org\3d-game\project\engine\debug\engine.tlog\cl.read.1.tlog
c:\users\ruchir\documents\github\velvet org\3d-game\project\engine\debug\engine.tlog\cl.write.1.tlog
c:\users\ruchir\documents\github\velvet org\3d-game\project\engine\debug\engine.tlog\lib-link.read.1.tlog
c:\users\ruchir\documents\github\velvet org\3d-game\project\engine\debug\engine.tlog\lib-link.write.1.tlog
c:\users\ruchir\documents\github\velvet org\3d-game\project\engine\debug\engine.tlog\lib.command.1.tlog
