d:\code\github\3d-game\project\project\debug\vc120.pdb
d:\code\github\3d-game\project\project\debug\vc120.idb
d:\code\github\3d-game\project\project\debug\main.obj
d:\code\github\3d-game\project\project\debug\manager.obj
c:\users\ruchir\documents\github\velvet org\3d-game\project\project\debug\vc120.pdb
c:\users\ruchir\documents\github\velvet org\3d-game\project\project\debug\vc120.idb
c:\users\ruchir\documents\github\velvet org\3d-game\project\project\debug\main.obj
c:\users\ruchir\documents\github\velvet org\3d-game\project\project\debug\levegenerator.obj
d:\code\github\3d-game\project\debug\project.ilk
d:\code\github\3d-game\project\debug\project.exe
d:\code\github\3d-game\project\debug\project.pdb
c:\users\ruchir\documents\github\velvet org\3d-game\project\debug\project.pdb
c:\users\ruchir\documents\github\velvet org\3d-game\project\debug\project.exe
c:\users\ruchir\documents\github\velvet org\3d-game\project\debug\project.ilk
c:\users\ruchir\documents\github\velvet org\3d-game\project\project\debug\project.tlog\cl.command.1.tlog
c:\users\ruchir\documents\github\velvet org\3d-game\project\project\debug\project.tlog\cl.read.1.tlog
c:\users\ruchir\documents\github\velvet org\3d-game\project\project\debug\project.tlog\cl.write.1.tlog
c:\users\ruchir\documents\github\velvet org\3d-game\project\project\debug\project.tlog\link.command.1.tlog
c:\users\ruchir\documents\github\velvet org\3d-game\project\project\debug\project.tlog\link.read.1.tlog
c:\users\ruchir\documents\github\velvet org\3d-game\project\project\debug\project.tlog\link.write.1.tlog
