  Main.cpp
  Generating Code...
  Compiling...
  Manager.cpp
  Generating Code...
Manager.obj : error LNK2001: unresolved external symbol "class std::basic_string<char,struct std::char_traits<char>,class std::allocator<char> > SoundManager::AudioPath" (?AudioPath@SoundManager@@3V?$basic_string@DU?$char_traits@D@std@@V?$allocator@D@2@@std@@A)
Engine.lib(SoundManager.obj) : error LNK2001: unresolved external symbol "class std::basic_string<char,struct std::char_traits<char>,class std::allocator<char> > SoundManager::AudioPath" (?AudioPath@SoundManager@@3V?$basic_string@DU?$char_traits@D@std@@V?$allocator@D@2@@std@@A)
Engine.lib(SoundManager.obj) : error LNK2019: unresolved external symbol __imp__alGetError referenced in function "bool __cdecl SoundManager::LoadAudio(class std::basic_string<char,struct std::char_traits<char>,class std::allocator<char> >,unsigned int *,bool)" (?LoadAudio@SoundManager@@YA_NV?$basic_string@DU?$char_traits@D@std@@V?$allocator@D@2@@std@@PAI_N@Z)
Engine.lib(SoundManager.obj) : error LNK2019: unresolved external symbol __imp__alGetEnumValue referenced in function "bool __cdecl SoundManager::LoadOGG(class std::basic_string<char,struct std::char_traits<char>,class std::allocator<char> >,unsigned int)" (?LoadOGG@SoundManager@@YA_NV?$basic_string@DU?$char_traits@D@std@@V?$allocator@D@2@@std@@I@Z)
Engine.lib(SoundManager.obj) : error LNK2019: unresolved external symbol __imp__alListenerf referenced in function "void __cdecl SoundManager::Init(class Vec3,class Vec3,class Vec3,class Vec3)" (?Init@SoundManager@@YAXVVec3@@000@Z)
Engine.lib(SoundManager.obj) : error LNK2019: unresolved external symbol __imp__alListenerfv referenced in function "void __cdecl SoundManager::Init(class Vec3,class Vec3,class Vec3,class Vec3)" (?Init@SoundManager@@YAXVVec3@@000@Z)
Engine.lib(SoundManager.obj) : error LNK2019: unresolved external symbol __imp__alSourcef referenced in function "bool __cdecl SoundManager::SetSound(unsigned int,class Vec3,class Vec3,class Vec3,float,bool,bool,float)" (?SetSound@SoundManager@@YA_NIVVec3@@00M_N1M@Z)
Engine.lib(SoundManager.obj) : error LNK2019: unresolved external symbol __imp__alSourcefv referenced in function "bool __cdecl SoundManager::SetSound(unsigned int,class Vec3,class Vec3,class Vec3,float,bool,bool,float)" (?SetSound@SoundManager@@YA_NIVVec3@@00M_N1M@Z)
Engine.lib(SoundManager.obj) : error LNK2019: unresolved external symbol __imp__alSourcei referenced in function "bool __cdecl SoundManager::LoadAudio(class std::basic_string<char,struct std::char_traits<char>,class std::allocator<char> >,unsigned int *,bool)" (?LoadAudio@SoundManager@@YA_NV?$basic_string@DU?$char_traits@D@std@@V?$allocator@D@2@@std@@PAI_N@Z)
Engine.lib(SoundManager.obj) : error LNK2019: unresolved external symbol __imp__alGetSourcei referenced in function "bool __cdecl SoundManager::PlayAudio(unsigned int,bool)" (?PlayAudio@SoundManager@@YA_NI_N@Z)
Engine.lib(SoundManager.obj) : error LNK2019: unresolved external symbol __imp__alSourcePlay referenced in function "bool __cdecl SoundManager::PlayAudio(unsigned int,bool)" (?PlayAudio@SoundManager@@YA_NI_N@Z)
Engine.lib(SoundManager.obj) : error LNK2019: unresolved external symbol __imp__alSourceStop referenced in function "bool __cdecl SoundManager::ReleaseAudio(unsigned int)" (?ReleaseAudio@SoundManager@@YA_NI@Z)
Engine.lib(SoundManager.obj) : error LNK2019: unresolved external symbol __imp__alSourcePause referenced in function "bool __cdecl SoundManager::PauseAllAudio(void)" (?PauseAllAudio@SoundManager@@YA_NXZ)
Engine.lib(SoundManager.obj) : error LNK2019: unresolved external symbol __imp__alGenBuffers referenced in function "void __cdecl SoundManager::Init(class Vec3,class Vec3,class Vec3,class Vec3)" (?Init@SoundManager@@YAXVVec3@@000@Z)
Engine.lib(SoundManager.obj) : error LNK2019: unresolved external symbol __imp__alBufferData referenced in function "bool __cdecl SoundManager::LoadOGG(class std::basic_string<char,struct std::char_traits<char>,class std::allocator<char> >,unsigned int)" (?LoadOGG@SoundManager@@YA_NV?$basic_string@DU?$char_traits@D@std@@V?$allocator@D@2@@std@@I@Z)
Engine.lib(SoundManager.obj) : error LNK2019: unresolved external symbol __imp__alDopplerFactor referenced in function "void __cdecl SoundManager::Init(class Vec3,class Vec3,class Vec3,class Vec3)" (?Init@SoundManager@@YAXVVec3@@000@Z)
Engine.lib(SoundManager.obj) : error LNK2019: unresolved external symbol __imp__alDopplerVelocity referenced in function "void __cdecl SoundManager::Init(class Vec3,class Vec3,class Vec3,class Vec3)" (?Init@SoundManager@@YAXVVec3@@000@Z)
Engine.lib(SoundManager.obj) : error LNK2019: unresolved external symbol __imp__alcCreateContext referenced in function "void __cdecl SoundManager::Init(class Vec3,class Vec3,class Vec3,class Vec3)" (?Init@SoundManager@@YAXVVec3@@000@Z)
Engine.lib(SoundManager.obj) : error LNK2019: unresolved external symbol __imp__alcMakeContextCurrent referenced in function "void __cdecl SoundManager::Init(class Vec3,class Vec3,class Vec3,class Vec3)" (?Init@SoundManager@@YAXVVec3@@000@Z)
Engine.lib(SoundManager.obj) : error LNK2019: unresolved external symbol __imp__alcOpenDevice referenced in function "void __cdecl SoundManager::Init(class Vec3,class Vec3,class Vec3,class Vec3)" (?Init@SoundManager@@YAXVVec3@@000@Z)
Engine.lib(SoundManager.obj) : error LNK2019: unresolved external symbol __imp__alcIsExtensionPresent referenced in function "class std::basic_string<char,struct std::char_traits<char>,class std::allocator<char> > __cdecl SoundManager::ListAvailableDevices(void)" (?ListAvailableDevices@SoundManager@@YA?AV?$basic_string@DU?$char_traits@D@std@@V?$allocator@D@2@@std@@XZ)
Engine.lib(SoundManager.obj) : error LNK2019: unresolved external symbol __imp__alcGetString referenced in function "class std::basic_string<char,struct std::char_traits<char>,class std::allocator<char> > __cdecl SoundManager::ListAvailableDevices(void)" (?ListAvailableDevices@SoundManager@@YA?AV?$basic_string@DU?$char_traits@D@std@@V?$allocator@D@2@@std@@XZ)
Engine.lib(SoundManager.obj) : error LNK2019: unresolved external symbol _ov_fopen referenced in function "bool __cdecl SoundManager::LoadOGG(class std::basic_string<char,struct std::char_traits<char>,class std::allocator<char> >,unsigned int)" (?LoadOGG@SoundManager@@YA_NV?$basic_string@DU?$char_traits@D@std@@V?$allocator@D@2@@std@@I@Z)
Engine.lib(SoundManager.obj) : error LNK2019: unresolved external symbol _ov_pcm_total referenced in function "bool __cdecl SoundManager::LoadOGG(class std::basic_string<char,struct std::char_traits<char>,class std::allocator<char> >,unsigned int)" (?LoadOGG@SoundManager@@YA_NV?$basic_string@DU?$char_traits@D@std@@V?$allocator@D@2@@std@@I@Z)
Engine.lib(SoundManager.obj) : error LNK2019: unresolved external symbol _ov_info referenced in function "bool __cdecl SoundManager::LoadOGG(class std::basic_string<char,struct std::char_traits<char>,class std::allocator<char> >,unsigned int)" (?LoadOGG@SoundManager@@YA_NV?$basic_string@DU?$char_traits@D@std@@V?$allocator@D@2@@std@@I@Z)
Engine.lib(SoundManager.obj) : error LNK2019: unresolved external symbol _ov_read referenced in function "bool __cdecl SoundManager::LoadOGG(class std::basic_string<char,struct std::char_traits<char>,class std::allocator<char> >,unsigned int)" (?LoadOGG@SoundManager@@YA_NV?$basic_string@DU?$char_traits@D@std@@V?$allocator@D@2@@std@@I@Z)
Engine.lib(SoundManager.obj) : error LNK2001: unresolved external symbol "float * SoundManager::Position" (?Position@SoundManager@@3PAMA)
Engine.lib(SoundManager.obj) : error LNK2001: unresolved external symbol "float * SoundManager::Velocity" (?Velocity@SoundManager@@3PAMA)
Engine.lib(SoundManager.obj) : error LNK2001: unresolved external symbol "float * SoundManager::Orientation" (?Orientation@SoundManager@@3PAMA)
Engine.lib(SoundManager.obj) : error LNK2001: unresolved external symbol "unsigned int SoundManager::AudioSourcesInUseCount" (?AudioSourcesInUseCount@SoundManager@@3IA)
Engine.lib(SoundManager.obj) : error LNK2001: unresolved external symbol "class std::vector<unsigned int,class std::allocator<unsigned int> > SoundManager::AudioSources" (?AudioSources@SoundManager@@3V?$vector@IV?$allocator@I@std@@@std@@A)
Engine.lib(SoundManager.obj) : error LNK2001: unresolved external symbol "class std::vector<bool,class std::allocator<bool> > SoundManager::AudioSourcesInUse" (?AudioSourcesInUse@SoundManager@@3V?$vector@_NV?$allocator@_N@std@@@std@@A)
Engine.lib(SoundManager.obj) : error LNK2001: unresolved external symbol "unsigned int SoundManager::AudioBuffersInUseCount" (?AudioBuffersInUseCount@SoundManager@@3IA)
Engine.lib(SoundManager.obj) : error LNK2001: unresolved external symbol "class std::vector<unsigned int,class std::allocator<unsigned int> > SoundManager::AudioBuffers" (?AudioBuffers@SoundManager@@3V?$vector@IV?$allocator@I@std@@@std@@A)
Engine.lib(SoundManager.obj) : error LNK2001: unresolved external symbol "class std::vector<bool,class std::allocator<bool> > SoundManager::AudioBuffersInUse" (?AudioBuffersInUse@SoundManager@@3V?$vector@_NV?$allocator@_N@std@@@std@@A)
Engine.lib(SoundManager.obj) : error LNK2001: unresolved external symbol "class std::vector<class std::basic_string<char,struct std::char_traits<char>,class std::allocator<char> >,class std::allocator<class std::basic_string<char,struct std::char_traits<char>,class std::allocator<char> > > > SoundManager::AudioBufferFileName" (?AudioBufferFileName@SoundManager@@3V?$vector@V?$basic_string@DU?$char_traits@D@std@@V?$allocator@D@2@@std@@V?$allocator@V?$basic_string@DU?$char_traits@D@std@@V?$allocator@D@2@@std@@@2@@std@@A)
C:\Users\Ruchir\Documents\GitHub\Velvet Org\3D-Game\Project\Debug\Project.exe : fatal error LNK1120: 35 unresolved externals
